Mathematica 8.0 for Linux x86 (64-bit)
Copyright 1988-2011 Wolfram Research, Inc.

In[1]:= 
In[2]:= Loading FeynCalc from /home/rolfm/HighEnergyPhysics
FeynCalc 8.1.0 Type ?FeynCalc for help or visit http://www.feyncalc.org/
$PrePrint is set to FeynCalcForm. Use FI and FC to change the display format.
Loading FeynArts, see www.feynarts.de for documentation
FeynArts 3.4 patched for use with FeynCalc

In[3]:= 
In[3]:= 
In[4]:= 
In[4]:= 
In[5]:= 
In[5]:= 
In[6]:= 
In[7]:= 
In[7]:= 
In[8]:= 
In[8]:= 
In[9]:= 
In[9]:= 
In[10]:= 
In[11]:= 
In[11]:=                            
In[12]:= 
In[13]:= 
In[13]:= the result is: (8*e^4*(t^2 + u^2))/s^2

In[14]:= 
In[14]:= calculation time used  = 0.081525

In[15]:= 
In[15]:= 
In[15]:= 
In[15]:= 
In[15]:= 
