Mathematica 8.0 for Linux x86 (64-bit)
Copyright 1988-2011 Wolfram Research, Inc.

In[1]:= 
In[2]:= Loading FeynCalc from /home/rolfm/HighEnergyPhysics
FeynCalc 8.1.0 Type ?FeynCalc for help or visit http://www.feyncalc.org/
$PrePrint is set to FeynCalcForm. Use FI and FC to change the display format.
Loading FeynArts, see www.feynarts.de for documentation
FeynArts 3.4 patched for use with FeynCalc

In[3]:= 
In[4]:= 
In[5]:= 
In[6]:= 
In[6]:= 
Out[6]= 
I*Eps[i1, i2, k3]*Eps[i3, k3, k5]*Eps[i4, i5, k5] + 
 I*Eps[i3, i4, i5]*KroneckerDelta[i1, i2] + 
 I*Eps[i1, i2, i3]*KroneckerDelta[i4, i5] + KroneckerDelta[i1, i2]*
  KroneckerDelta[i3, i4]*s[i5] - Eps[i1, i2, i3]*Eps[i4, i5, k0]*s[k0] - 
 Eps[i1, i2, k3]*Eps[i3, k3, k4]*Eps[i4, i5, k5]*Eps[k4, k5, k0]*s[k0] - 
 Eps[i3, i4, k6]*Eps[i5, k0, k6]*KroneckerDelta[i1, i2]*s[k0] - 
 Eps[i1, i2, k3]*Eps[i3, k0, k3]*KroneckerDelta[i4, i5]*s[k0]

In[7]:= 
In[7]:= 
