Mathematica 8.0 for Linux x86 (64-bit)
Copyright 1988-2011 Wolfram Research, Inc.

In[1]:=                 
In[2]:= 
In[3]:= 
In[3]:= 
In[4]:= 
In[4]:=                 
In[5]:= 
In[5]:=                                                                                         
In[6]:= 
In[6]:= 
In[7]:= 
In[8]:= Loading FeynCalc from /home/rolfm/HighEnergyPhysics
Loading TARCER /home/rolfm/HighEnergyPhysics/Tarcer/tarcerLinuxx8664bit25.mx
FeynCalc 8.1.0 Type ?FeynCalc for help or visit http://www.feyncalc.org/
$PrePrint is set to FeynCalcForm. Use FI and FC to change the display format.
Loading FeynArts, see www.feynarts.de for documentation
FeynArts 3.4 patched for use with FeynCalc

In[9]:= 
In[9]:= 
In[10]:= 
In[10]:= 
In[11]:= 
In[12]:= 
In[13]:= 
In[13]:= 
In[14]:=                   
In[15]:= 
In[16]:= 
In[16]:= 
In[17]:= 
In[18]:= 
In[19]:= 
In[20]:=                   
In[21]:= 
In[22]:= 
In[22]:= The result is (2*(-2 + D)*Gstrong^2*Nf*Tf*SD[ci1, ci2]*(FVD[p, mu]*FVD[p, nu] - MTD[mu, nu]*SPD[p, p])*TBI[D, SPD[p, p], {{1, 0}, {1, 0}}])/(-1 + D) + (CA*Gstrong^2*(-4*(-2 + 3*D) - 4*(-1 + D)*(-7 + 2*D)*xi + (-4 + D)*(-1 + D)*xi^2)*SD[ci1, ci2]*(FVD[p, mu]*FVD[p, nu] - MTD[mu, nu]*SPD[p, p])*TBI[D, SPD[p, p], {{1, 0}, {1, 0}}])/(8*(-1 + D))
In[23]:= 
In[23]:= 
In[24]:= 
In[24]:=                                              
In[25]:= 
In[25]:= 
Out[25]= 12.998029

In[26]:= 
In[26]:= 
