Mathematica 7.0 for Linux x86 (64-bit)
Copyright 1988-2009 Wolfram Research, Inc.

In[1]:= Loading FeynCalc from /home/rolf/fccvs/fc7/HighEnergyPhysics
FeynCalc 7.0.0 Type ?FeynCalc for help or visit http://www.feyncalc.org/
$PrePrint is set to FeynCalcForm. Use FI and FC to change the display format.

In[2]:= 
In[2]:= symms
1724
collecting in solvesymms 0
collecting in solvesymms 0terms
time for collect in solvesymms = 0.
contracting
il = 1
il = 2
il = 3
il = 4
il = 5
il = 6
il = 7
il = 8
il = 9
il = 10
il = 11
il = 12
il = 13
il = 14
il = 15
il = 16
il = 17
il = 18
il = 19
il = 20
il = 21
il = 22
il = 23
il = 24
il = 25
il = 26
il = 27
il = 28
il = 29
il = 30
il = 31
il = 32
il = 33
il = 34
il = 35
il = 36
il = 37
il = 38
il = 39
il = 40
il = 41
il = 42
il = 43
il = 44
il = 45
il = 46
il = 47
il = 48
il = 49
il = 50
il = 51
il = 52
il = 53
il = 54
il = 55
il = 56
il = 57
il = 58
il = 59
il = 60
il = 61
il = 62
il = 63
il = 64
il = 65
il = 66
il = 67
il = 68
il = 69
il = 70
il = 71
il = 72
il = 73
il = 74
il = 75
il = 76
il = 77
il = 78
il = 79
il = 80
il = 81
il = 82
il = 83
il = 84
il = 85
il = 86
il = 87
il = 88
il = 89
il = 90
il = 91
il = 92
il = 93
il = 94
il = 95
il = 96
il = 97
il = 98
il = 99
il = 100
il = 101
il = 102
il = 103
il = 104
il = 105
il = 106
il = 107
il = 108
il = 109
il = 110
il = 111
il = 112
il = 113
il = 114
il = 115
il = 116
il = 117
il = 118
il = 119
il = 120
il = 121
il = 122
il = 123
il = 124
il = 125
il = 126
il = 127
il = 128
il = 129
il = 130
il = 131
il = 132
il = 133
il = 134
il = 135
il = 136
il = 137
il = 138
il = 139
il = 140
il = 141
il = 142
il = 143
il = 144
il = 145
il = 146
il = 147
il = 148
il = 149
il = 150
il = 151
il = 152
il = 153
il = 154
il = 155
il = 156
il = 157
il = 158
il = 159
il = 160
il = 161
il = 162
il = 163
il = 164
il = 165
il = 166
il = 167
il = 168
il = 169
il = 170
il = 171
il = 172
il = 173
il = 174
il = 175
il = 176
il = 177
il = 178
il = 179
il = 180
il = 181
il = 182
il = 183
il = 184
il = 185
il = 186
il = 187
il = 188
il = 189
il = 190
il = 191
il = 192
il = 193
il = 194
il = 195
il = 196
il = 197
il = 198
il = 199
il = 200
il = 201
il = 202
il = 203
il = 204
il = 205
il = 206
il = 207
il = 208
il = 209
il = 210
il = 211
il = 212
il = 213
il = 214
il = 215
il = 216
il = 217
il = 218
il = 219
il = 220
il = 221
il = 222
il = 223
il = 224
il = 225
il = 226
il = 227
il = 228
il = 229
il = 230
il = 231
il = 232
il = 233
il = 234
il = 235
il = 236
il = 237
il = 238
il = 239
il = 240
il = 241
il = 242
il = 243
il = 244
il = 245
il = 246
il = 247
il = 248
il = 249
il = 250
il = 251
il = 252
il = 253
il = 254
il = 255
il = 256
il = 257
il = 258
il = 259
il = 260
il = 261
il = 262
il = 263
il = 264
il = 265
il = 266
il = 267
il = 268
il = 269
il = 270
il = 271
il = 272
il = 273
il = 274
il = 275
il = 276
il = 277
il = 278
il = 279
il = 280
il = 281
il = 282
il = 283
il = 284
il = 285
il = 286
il = 287
il = 288
il = 289
il = 290
il = 291
il = 292
il = 293
il = 294
il = 295
il = 296
il = 297
il = 298
il = 299
il = 300
il = 301
il = 302
il = 303
il = 304
il = 305
il = 306
il = 307
il = 308
il = 309
il = 310
il = 311
il = 312
il = 313
il = 314
il = 315
il = 316
il = 317
il = 318
il = 319
il = 320
il = 321
il = 322
il = 323
il = 324
il = 325
il = 326
il = 327
il = 328
il = 329
il = 330
il = 331
il = 332
il = 333
il = 334
il = 335
il = 336
il = 337
il = 338
il = 339
il = 340
il = 341
il = 342
il = 343
il = 344
il = 345
il = 346
il = 347
il = 348
il = 349
il = 350
il = 351
il = 352
il = 353
il = 354
il = 355
il = 356
il = 357
il = 358
il = 359
il = 360
il = 361
il = 362
il = 363
il = 364
il = 365
il = 366
il = 367
il = 368
il = 369
il = 370
il = 371
il = 372
il = 373
il = 374
il = 375
il = 376
il = 377
il = 378
il = 379
il = 380
il = 381
il = 382
il = 383
il = 384
il = 385
il = 386
il = 387
il = 388
il = 389
il = 390
il = 391
il = 392
il = 393
il = 394
il = 395
il = 396
il = 397
il = 398
il = 399
il = 400
il = 401
il = 402
il = 403
il = 404
il = 405
il = 406
il = 407
il = 408
il = 409
il = 410
il = 411
il = 412
il = 413
il = 414
il = 415
il = 416
il = 417
il = 418
il = 419
il = 420
il = 421
il = 422
il = 423
il = 424
il = 425
il = 426
il = 427
il = 428
il = 429
il = 430
il = 431
il = 432
il = 433
il = 434
il = 435
il = 436
il = 437
il = 438
il = 439
il = 440
il = 441
il = 442
il = 443
il = 444
il = 445
il = 446
il = 447
il = 448
il = 449
il = 450
il = 451
il = 452
il = 453
il = 454
il = 455
il = 456
il = 457
il = 458
il = 459
il = 460
il = 461
il = 462
il = 463
il = 464
il = 465
il = 466
il = 467
il = 468
il = 469
il = 470
il = 471
il = 472
il = 473
il = 474
il = 475
il = 476
il = 477
il = 478
il = 479
il = 480
il = 481
il = 482
il = 483
il = 484
il = 485
il = 486
il = 487
il = 488
il = 489
il = 490
il = 491
il = 492
il = 493
il = 494
il = 495
il = 496
il = 497
il = 498
il = 499
il = 500
il = 501
il = 502
il = 503
il = 504
il = 505
il = 506
il = 507
il = 508
il = 509
il = 510
il = 511
il = 512
il = 513
il = 514
il = 515
il = 516
il = 517
il = 518
il = 519
il = 520
il = 521
il = 522
il = 523
il = 524
il = 525
il = 526
il = 527
il = 528
il = 529
il = 530
il = 531
il = 532
il = 533
il = 534
il = 535
il = 536
il = 537
il = 538
il = 539
il = 540
il = 541
il = 542
il = 543
il = 544
il = 545
il = 546
il = 547
il = 548
il = 549
il = 550
il = 551
il = 552
il = 553
il = 554
il = 555
il = 556
il = 557
il = 558
il = 559
il = 560
il = 561
il = 562
il = 563
il = 564
il = 565
il = 566
il = 567
il = 568
il = 569
il = 570
il = 571
il = 572
il = 573
il = 574
il = 575
il = 576
il = 577
il = 578
il = 579
il = 580
il = 581
il = 582
il = 583
il = 584
il = 585
il = 586
il = 587
il = 588
il = 589
il = 590
il = 591
il = 592
il = 593
il = 594
il = 595
il = 596
il = 597
il = 598
il = 599
il = 600
il = 601
il = 602
il = 603
il = 604
il = 605
il = 606
il = 607
il = 608
il = 609
il = 610
il = 611
il = 612
il = 613
il = 614
il = 615
il = 616
il = 617
il = 618
il = 619
il = 620
il = 621
il = 622
il = 623
il = 624
il = 625
il = 626
il = 627
il = 628
il = 629
il = 630
il = 631
il = 632
il = 633
il = 634
il = 635
il = 636
il = 637
il = 638
il = 639
il = 640
il = 641
il = 642
il = 643
il = 644
il = 645
il = 646
il = 647
il = 648
il = 649
il = 650
il = 651
il = 652
il = 653
il = 654
il = 655
il = 656
il = 657
il = 658
il = 659
il = 660
il = 661
il = 662
il = 663
il = 664
il = 665
il = 666
il = 667
il = 668
il = 669
il = 670
il = 671
il = 672
il = 673
il = 674
il = 675
il = 676
il = 677
il = 678
il = 679
il = 680
il = 681
il = 682
il = 683
il = 684
il = 685
il = 686
il = 687
il = 688
il = 689
il = 690
il = 691
il = 692
il = 693
il = 694
il = 695
il = 696
il = 697
il = 698
il = 699
il = 700
il = 701
il = 702
il = 703
il = 704
il = 705
il = 706
il = 707
il = 708
il = 709
il = 710
il = 711
il = 712
il = 713
il = 714
il = 715
il = 716
il = 717
il = 718
il = 719
il = 720
il = 721
il = 722
il = 723
il = 724
il = 725
il = 726
il = 727
il = 728
il = 729
il = 730
il = 731
il = 732
il = 733
il = 734
il = 735
il = 736
il = 737
il = 738
il = 739
il = 740
il = 741
il = 742
il = 743
il = 744
il = 745
il = 746
il = 747
il = 748
il = 749
il = 750
il = 751
il = 752
il = 753
il = 754
il = 755
il = 756
il = 757
il = 758
il = 759
il = 760
il = 761
il = 762
il = 763
il = 764
il = 765
il = 766
il = 767
il = 768
il = 769
il = 770
il = 771
il = 772
il = 773
il = 774
il = 775
il = 776
il = 777
il = 778
il = 779
il = 780
il = 781
il = 782
il = 783
il = 784
il = 785
il = 786
il = 787
il = 788
il = 789
il = 790
il = 791
il = 792
il = 793
il = 794
il = 795
il = 796
il = 797
il = 798
il = 799
il = 800
il = 801
il = 802
il = 803
il = 804
il = 805
il = 806
il = 807
il = 808
il = 809
il = 810
il = 811
il = 812
il = 813
il = 814
il = 815
il = 816
il = 817
il = 818
il = 819
il = 820
il = 821
il = 822
il = 823
il = 824
il = 825
il = 826
il = 827
il = 828
il = 829
il = 830
il = 831
il = 832
il = 833
il = 834
il = 835
il = 836
il = 837
il = 838
il = 839
il = 840
il = 841
il = 842
il = 843
il = 844
il = 845
il = 846
il = 847
il = 848
il = 849
il = 850
il = 851
il = 852
il = 853
il = 854
il = 855
il = 856
il = 857
il = 858
il = 859
il = 860
il = 861
il = 862
il = 863
il = 864
il = 865
il = 866
il = 867
il = 868
il = 869
il = 870
il = 871
il = 872
il = 873
il = 874
il = 875
il = 876
il = 877
il = 878
il = 879
il = 880
il = 881
il = 882
il = 883
il = 884
il = 885
il = 886
il = 887
il = 888
il = 889
il = 890
il = 891
il = 892
il = 893
il = 894
il = 895
il = 896
il = 897
il = 898
il = 899
il = 900
il = 901
il = 902
il = 903
il = 904
il = 905
il = 906
il = 907
il = 908
il = 909
il = 910
il = 911
il = 912
il = 913
il = 914
il = 915
il = 916
il = 917
il = 918
il = 919
il = 920
il = 921
il = 922
il = 923
il = 924
il = 925
il = 926
il = 927
il = 928
il = 929
il = 930
il = 931
il = 932
il = 933
il = 934
il = 935
il = 936
il = 937
il = 938
il = 939
il = 940
il = 941
il = 942
il = 943
il = 944
il = 945
il = 946
il = 947
il = 948
il = 949
il = 950
il = 951
il = 952
il = 953
il = 954
il = 955
il = 956
il = 957
il = 958
il = 959
il = 960
il = 961
il = 962
il = 963
il = 964
il = 965
il = 966
il = 967
il = 968
il = 969
il = 970
il = 971
il = 972
il = 973
il = 974
il = 975
il = 976
il = 977
il = 978
il = 979
il = 980
il = 981
il = 982
il = 983
il = 984
il = 985
il = 986
il = 987
il = 988
il = 989
il = 990
il = 991
il = 992
il = 993
il = 994
il = 995
il = 996
il = 997
il = 998
il = 999
il = 1000
il = 1001
il = 1002
il = 1003
il = 1004
il = 1005
il = 1006
il = 1007
il = 1008
il = 1009
il = 1010
il = 1011
il = 1012
il = 1013
il = 1014
il = 1015
il = 1016
il = 1017
il = 1018
il = 1019
il = 1020
il = 1021
il = 1022
il = 1023
il = 1024
il = 1025
il = 1026
il = 1027
il = 1028
il = 1029
il = 1030
il = 1031
il = 1032
il = 1033
il = 1034
il = 1035
il = 1036
il = 1037
il = 1038
il = 1039
il = 1040
il = 1041
il = 1042
il = 1043
il = 1044
il = 1045
il = 1046
il = 1047
il = 1048
il = 1049
il = 1050
il = 1051
il = 1052
il = 1053
il = 1054
il = 1055
il = 1056
il = 1057
il = 1058
il = 1059
il = 1060
il = 1061
il = 1062
il = 1063
il = 1064
il = 1065
il = 1066
il = 1067
il = 1068
il = 1069
il = 1070
il = 1071
il = 1072
il = 1073
il = 1074
il = 1075
il = 1076
il = 1077
il = 1078
il = 1079
il = 1080
il = 1081
il = 1082
il = 1083
il = 1084
il = 1085
il = 1086
il = 1087
il = 1088
il = 1089
il = 1090
il = 1091
il = 1092
il = 1093
il = 1094
il = 1095
il = 1096
il = 1097
il = 1098
il = 1099
il = 1100
il = 1101
il = 1102
il = 1103
il = 1104
il = 1105
il = 1106
il = 1107
il = 1108
il = 1109
il = 1110
il = 1111
il = 1112
il = 1113
il = 1114
il = 1115
il = 1116
il = 1117
il = 1118
il = 1119
il = 1120
il = 1121
il = 1122
il = 1123
il = 1124
il = 1125
il = 1126
il = 1127
il = 1128
il = 1129
il = 1130
il = 1131
il = 1132
il = 1133
il = 1134
il = 1135
il = 1136
il = 1137
il = 1138
il = 1139
il = 1140
il = 1141
il = 1142
il = 1143
il = 1144
il = 1145
il = 1146
il = 1147
il = 1148
il = 1149
il = 1150
il = 1151
il = 1152
il = 1153
il = 1154
il = 1155
il = 1156
il = 1157
il = 1158
il = 1159
il = 1160
il = 1161
il = 1162
il = 1163
il = 1164
il = 1165
il = 1166
il = 1167
il = 1168
il = 1169
il = 1170
il = 1171
il = 1172
il = 1173
il = 1174
il = 1175
il = 1176
il = 1177
il = 1178
il = 1179
il = 1180
il = 1181
il = 1182
il = 1183
il = 1184
il = 1185
il = 1186
il = 1187
il = 1188
il = 1189
il = 1190
il = 1191
il = 1192
il = 1193
il = 1194
il = 1195
il = 1196
il = 1197
il = 1198
il = 1199
il = 1200
il = 1201
il = 1202
il = 1203
il = 1204
il = 1205
il = 1206
il = 1207
il = 1208
il = 1209
il = 1210
il = 1211
il = 1212
il = 1213
il = 1214
il = 1215
il = 1216
il = 1217
il = 1218
il = 1219
il = 1220
il = 1221
il = 1222
il = 1223
il = 1224
il = 1225
il = 1226
il = 1227
il = 1228
il = 1229
il = 1230
il = 1231
il = 1232
il = 1233
il = 1234
il = 1235
il = 1236
il = 1237
il = 1238
il = 1239
il = 1240
il = 1241
il = 1242
il = 1243
il = 1244
il = 1245
il = 1246
il = 1247
il = 1248
il = 1249
il = 1250
il = 1251
il = 1252
il = 1253
il = 1254
il = 1255
il = 1256
il = 1257
il = 1258
il = 1259
il = 1260
il = 1261
il = 1262
il = 1263
il = 1264
il = 1265
il = 1266
il = 1267
il = 1268
il = 1269
il = 1270
il = 1271
il = 1272
il = 1273
il = 1274
il = 1275
il = 1276
il = 1277
il = 1278
il = 1279
il = 1280
il = 1281
il = 1282
il = 1283
il = 1284
il = 1285
il = 1286
il = 1287
il = 1288
il = 1289
il = 1290
il = 1291
il = 1292
il = 1293
il = 1294
il = 1295
il = 1296
il = 1297
il = 1298
il = 1299
il = 1300
il = 1301
il = 1302
il = 1303
il = 1304
il = 1305
il = 1306
il = 1307
il = 1308
il = 1309
il = 1310
il = 1311
il = 1312
il = 1313
il = 1314
il = 1315
il = 1316
il = 1317
il = 1318
il = 1319
il = 1320
il = 1321
il = 1322
il = 1323
il = 1324
il = 1325
il = 1326
il = 1327
il = 1328
il = 1329
il = 1330
il = 1331
il = 1332
il = 1333
il = 1334
il = 1335
il = 1336
il = 1337
il = 1338
il = 1339
il = 1340
il = 1341
il = 1342
il = 1343
il = 1344
il = 1345
il = 1346
il = 1347
il = 1348
il = 1349
il = 1350
il = 1351
il = 1352
il = 1353
il = 1354
il = 1355
il = 1356
il = 1357
il = 1358
il = 1359
il = 1360
il = 1361
il = 1362
il = 1363
il = 1364
il = 1365
il = 1366
il = 1367
il = 1368
il = 1369
il = 1370
il = 1371
il = 1372
il = 1373
il = 1374
il = 1375
il = 1376
il = 1377
il = 1378
il = 1379
il = 1380
il = 1381
il = 1382
il = 1383
il = 1384
il = 1385
il = 1386
il = 1387
il = 1388
il = 1389
il = 1390
il = 1391
il = 1392
il = 1393
il = 1394
il = 1395
il = 1396
il = 1397
il = 1398
il = 1399
il = 1400
il = 1401
il = 1402
il = 1403
il = 1404
il = 1405
il = 1406
il = 1407
il = 1408
il = 1409
il = 1410
il = 1411
il = 1412
il = 1413
il = 1414
il = 1415
il = 1416
il = 1417
il = 1418
il = 1419
il = 1420
il = 1421
il = 1422
il = 1423
il = 1424
il = 1425
il = 1426
il = 1427
il = 1428
il = 1429
il = 1430
il = 1431
il = 1432
il = 1433
il = 1434
il = 1435
il = 1436
il = 1437
il = 1438
il = 1439
il = 1440
il = 1441
il = 1442
il = 1443
il = 1444
il = 1445
il = 1446
il = 1447
il = 1448
il = 1449
il = 1450
il = 1451
il = 1452
il = 1453
il = 1454
il = 1455
il = 1456
il = 1457
il = 1458
il = 1459
il = 1460
il = 1461
il = 1462
il = 1463
il = 1464
il = 1465
il = 1466
il = 1467
il = 1468
il = 1469
il = 1470
il = 1471
il = 1472
il = 1473
il = 1474
il = 1475
il = 1476
il = 1477
il = 1478
il = 1479
il = 1480
il = 1481
il = 1482
il = 1483
il = 1484
il = 1485
il = 1486
il = 1487
il = 1488
il = 1489
il = 1490
il = 1491
il = 1492
il = 1493
il = 1494
il = 1495
il = 1496
il = 1497
il = 1498
il = 1499
il = 1500
il = 1501
il = 1502
il = 1503
il = 1504
il = 1505
il = 1506
il = 1507
il = 1508
il = 1509
il = 1510
il = 1511
il = 1512
il = 1513
il = 1514
il = 1515
il = 1516
il = 1517
il = 1518
il = 1519
il = 1520
il = 1521
il = 1522
il = 1523
il = 1524
il = 1525
il = 1526
il = 1527
il = 1528
il = 1529
il = 1530
il = 1531
il = 1532
il = 1533
il = 1534
il = 1535
il = 1536
il = 1537
il = 1538
il = 1539
il = 1540
il = 1541
il = 1542
il = 1543
il = 1544
il = 1545
il = 1546
il = 1547
il = 1548
il = 1549
il = 1550
il = 1551
il = 1552
il = 1553
il = 1554
il = 1555
il = 1556
il = 1557
il = 1558
il = 1559
il = 1560
il = 1561
il = 1562
il = 1563
il = 1564
il = 1565
il = 1566
il = 1567
il = 1568
il = 1569
il = 1570
il = 1571
il = 1572
il = 1573
il = 1574
il = 1575
il = 1576
il = 1577
il = 1578
il = 1579
il = 1580
il = 1581
il = 1582
il = 1583
il = 1584
il = 1585
il = 1586
il = 1587
il = 1588
il = 1589
il = 1590
il = 1591
il = 1592
il = 1593
il = 1594
il = 1595
il = 1596
il = 1597
il = 1598
il = 1599
il = 1600
il = 1601
il = 1602
il = 1603
il = 1604
il = 1605
il = 1606
il = 1607
il = 1608
il = 1609
il = 1610
il = 1611
il = 1612
il = 1613
il = 1614
il = 1615
il = 1616
il = 1617
il = 1618
il = 1619
il = 1620
il = 1621
il = 1622
il = 1623
il = 1624
il = 1625
il = 1626
il = 1627
il = 1628
il = 1629
il = 1630
il = 1631
il = 1632
il = 1633
il = 1634
il = 1635
il = 1636
il = 1637
il = 1638
il = 1639
il = 1640
il = 1641
il = 1642
il = 1643
il = 1644
il = 1645
il = 1646
il = 1647
il = 1648
il = 1649
il = 1650
il = 1651
il = 1652
il = 1653
il = 1654
il = 1655
il = 1656
il = 1657
il = 1658
il = 1659
il = 1660
il = 1661
il = 1662
il = 1663
il = 1664
il = 1665
il = 1666
il = 1667
il = 1668
il = 1669
il = 1670
il = 1671
il = 1672
il = 1673
il = 1674
il = 1675
il = 1676
il = 1677
il = 1678
il = 1679
il = 1680
il = 1681
il = 1682
il = 1683
il = 1684
il = 1685
il = 1686
il = 1687
il = 1688
il = 1689
il = 1690
il = 1691
il = 1692
il = 1693
il = 1694
il = 1695
il = 1696
il = 1697
il = 1698
il = 1699
il = 1700
il = 1701
il = 1702
il = 1703
il = 1704
il = 1705
il = 1706
il = 1707
il = 1708
il = 1709
il = 1710
il = 1711
il = 1712
il = 1713
il = 1714
il = 1715
il = 1716
il = 1717
il = 1718
il = 1719
il = 1720
il = 1721
il = 1722
il = 1723
il = 1724
Length of eqli = 1724
solving 1724
