Mathematica 8.0 for Linux x86 (64-bit)
Copyright 1988-2011 Wolfram Research, Inc.

In[1]:= 
In[1]:= Loading FeynCalc from /home/rolfm/HighEnergyPhysics
FeynCalc 8.1.0 Type ?FeynCalc for help or visit http://www.feyncalc.org/
$PrePrint is set to FeynCalcForm. Use FI and FC to change the display format.
Loading FeynArts, see www.feynarts.de for documentation
FeynArts 3.4 patched for use with FeynCalc

In[2]:= 
In[2]:= 
In[3]:= 
In[4]:= 
In[4]:= 
In[5]:= 
In[5]:= 
In[6]:= 
In[6]:= 
In[7]:= 
In[7]:= n = 8 :

4*(4 - d)*(6 - d)*(1286144 + d*(-880384 + 
      d*(238176 + d*(-32264 + d*(2276 + (-78 + d)*d)))))
0.372610 seconds used
n = 9 :

-4*(4 - d)*(117473536 + d*(-109437952 + 
      d*(43117184 + d*(-9333632 + 
            d*(1205680 + d*(-94304 + d*(4312 + (-104 + d)*d)))))))
0.186567 seconds used
n = 10 :

-4*(4 - d)*(6 - d)*(323158016 + 
   d*(-271300608 + d*(95670016 + 
         d*(-18411648 + d*(2099856 + d*(-144000 + d*(5736 + (-120 + d)*d))))))
   )
0.370984 seconds used
n = 11 :

4*(4 - d)*(34485545984 + d*(-37097795072 + 
      d*(17431750400 + d*(-4695717120 + 
            d*(799622080 + d*(-89457312 + 
                  d*(6614160 + d*(-316560 + d*(9300 + (-150 + d)*d)))))))))
1.108362 seconds used
n = 12 :

4*(4 - d)*(6 - d)*(109575143424 + 
   d*(-106749624320 + d*(45230190592 + 
         d*(-10942320128 + d*(1666857472 + 
               d*(-166155936 + d*
                   (10903440 + d*(-461520 + d*(11960 + (-170 + d)*d)))))))))
4.498481 seconds used
n = 13 :

-4*(4 - d)*(13374036054016 + d*(-16077049643008 + 
      d*(8621750475776 + d*(-2721399892992 + 
            d*(561521917440 + d*
                (-79513471488 + 
                  d*(7889523136 + 
                     d*(-549848640 + 
                        d*(26553120 + d*(-860640 + d*(17644 + (-204 + d)*d))))
                     )))))))
17.931616 seconds used

In[8]:= 
In[8]:= 
